[0.351s] Invoking command in '/home/fabrizzio/ros2_ws/src/cpp_pubsub/build/cpp_pubsub': CMAKE_PREFIX_PATH=/home/fabrizzio/ros2_ws/install/walker_808x:/home/fabrizzio/ros2_ws/install/gazebo_ros_pkgs:/home/fabrizzio/ros2_ws/install/gazebo_ros:/home/fabrizzio/ros2_ws/install/gazebo_msgs:/home/fabrizzio/ros2_ws/install/gazebo_dev:/home/fabrizzio/ros2_ws/install/cpp_pubsub:/opt/ros/galactic:/home/fabrizzio/catkin_ws/devel /usr/bin/cmake /home/fabrizzio/ros2_ws/src/cpp_pubsub -DCMAKE_INSTALL_PREFIX=/home/fabrizzio/ros2_ws/src/cpp_pubsub/install/cpp_pubsub
[0.425s] -- The C compiler identification is GNU 9.4.0
[0.491s] -- The CXX compiler identification is GNU 9.4.0
[0.496s] -- Check for working C compiler: /usr/bin/cc
[0.581s] -- Check for working C compiler: /usr/bin/cc -- works
[0.582s] -- Detecting C compiler ABI info
[0.670s] -- Detecting C compiler ABI info - done
[0.684s] -- Detecting C compile features
[0.684s] -- Detecting C compile features - done
[0.687s] -- Check for working CXX compiler: /usr/bin/c++
[0.788s] -- Check for working CXX compiler: /usr/bin/c++ -- works
[0.789s] -- Detecting CXX compiler ABI info
[0.891s] -- Detecting CXX compiler ABI info - done
[0.905s] -- Detecting CXX compile features
[0.905s] -- Detecting CXX compile features - done
[0.908s] -- Found ament_cmake: 1.1.6 (/opt/ros/galactic/share/ament_cmake/cmake)
[0.944s] -- Found PythonInterp: /usr/bin/python3 (found suitable version "3.8.10", minimum required is "3") 
[0.944s] -- Using PYTHON_EXECUTABLE: /usr/bin/python3
[1.040s] -- Found rclcpp: 9.2.2 (/opt/ros/galactic/share/rclcpp/cmake)
[1.098s] -- Using all available rosidl_typesupport_c: rosidl_typesupport_fastrtps_c;rosidl_typesupport_introspection_c
[1.106s] -- Found rosidl_adapter: 2.2.3 (/opt/ros/galactic/share/rosidl_adapter/cmake)
[1.221s] -- Found OpenSSL: /usr/lib/x86_64-linux-gnu/libcrypto.so (found version "1.1.1f")  
[1.257s] -- Found FastRTPS: /opt/ros/galactic/include  
[1.348s] -- Using all available rosidl_typesupport_cpp: rosidl_typesupport_fastrtps_cpp;rosidl_typesupport_introspection_cpp
[1.415s] -- Found rmw_implementation_cmake: 3.3.1 (/opt/ros/galactic/share/rmw_implementation_cmake/cmake)
[1.420s] -- Found rmw_cyclonedds_cpp: 0.22.6 (/opt/ros/galactic/share/rmw_cyclonedds_cpp/cmake)
[1.443s] -- Using RMW implementation 'rmw_cyclonedds_cpp' as default
[1.444s] -- Looking for pthread.h
[1.531s] -- Looking for pthread.h - found
[1.531s] -- Performing Test CMAKE_HAVE_LIBC_PTHREAD
[1.626s] -- Performing Test CMAKE_HAVE_LIBC_PTHREAD - Failed
[1.626s] -- Looking for pthread_create in pthreads
[1.703s] -- Looking for pthread_create in pthreads - not found
[1.703s] -- Looking for pthread_create in pthread
[1.793s] -- Looking for pthread_create in pthread - found
[1.794s] -- Found Threads: TRUE  
[1.966s] -- Found rosidl_default_generators: 1.1.1 (/opt/ros/galactic/share/rosidl_default_generators/cmake)
[1.980s] -- Found tf2: 0.17.5 (/opt/ros/galactic/share/tf2/cmake)
[2.033s] -- Found tf2_ros: 0.17.5 (/opt/ros/galactic/share/tf2_ros/cmake)
[2.423s] -- Found rosbag2_cpp: 0.9.2 (/opt/ros/galactic/share/rosbag2_cpp/cmake)
[2.478s] -- Found cpp_pubsub: 1.3.0 (/home/fabrizzio/ros2_ws/install/cpp_pubsub/share/cpp_pubsub/cmake)
[2.545s] -- Found PythonInterp: /usr/bin/python3 (found version "3.8.10") 
[2.724s] -- Found ament_cmake_ros: 0.9.2 (/opt/ros/galactic/share/ament_cmake_ros/cmake)
[2.931s] -- Using all available rosidl_typesupport_c: rosidl_typesupport_fastrtps_c;rosidl_typesupport_introspection_c
[2.995s] -- Using all available rosidl_typesupport_cpp: rosidl_typesupport_fastrtps_cpp;rosidl_typesupport_introspection_cpp
[3.027s] -- Found PythonInterp: /usr/bin/python3 (found suitable version "3.8.10", minimum required is "3.5") 
[3.029s] -- Found python_cmake_module: 0.8.1 (/opt/ros/galactic/share/python_cmake_module/cmake)
[3.066s] -- Found PythonLibs: /usr/lib/x86_64-linux-gnu/libpython3.8.so (found suitable version "3.8.10", minimum required is "3.5") 
[3.066s] -- Using PYTHON_EXECUTABLE: /usr/bin/python3
[3.066s] -- Using PYTHON_INCLUDE_DIRS: /usr/include/python3.8
[3.066s] -- Using PYTHON_LIBRARIES: /usr/lib/x86_64-linux-gnu/libpython3.8.so
[3.093s] -- Found PythonExtra: .so  
[3.411s] -- Found ament_lint_auto: 0.10.7 (/opt/ros/galactic/share/ament_lint_auto/cmake)
[3.469s] -- Added test 'cppcheck' to perform static code analysis on C / C++ code
[3.471s] -- Configured cppcheck include dirs: $<BUILD_INTERFACE:/home/fabrizzio/ros2_ws/src/cpp_pubsub/build/cpp_pubsub/rosidl_generator_c>;/home/fabrizzio/ros2_ws/src/cpp_pubsub/build/cpp_pubsub/rosidl_generator_c;/home/fabrizzio/ros2_ws/src/cpp_pubsub/build/cpp_pubsub/rosidl_generator_cpp;/home/fabrizzio/ros2_ws/src/cpp_pubsub/build/cpp_pubsub/rosidl_typesupport_fastrtps_c;/home/fabrizzio/ros2_ws/src/cpp_pubsub/build/cpp_pubsub/rosidl_typesupport_fastrtps_cpp;$<BUILD_INTERFACE:/home/fabrizzio/ros2_ws/src/cpp_pubsub/build/cpp_pubsub/rosidl_typesupport_introspection_c>;$<BUILD_INTERFACE:/home/fabrizzio/ros2_ws/src/cpp_pubsub/build/cpp_pubsub/rosidl_typesupport_c>;$<BUILD_INTERFACE:/home/fabrizzio/ros2_ws/src/cpp_pubsub/build/cpp_pubsub/rosidl_generator_cpp>;/home/fabrizzio/ros2_ws/src/cpp_pubsub/build/cpp_pubsub/rosidl_generator_py
[3.471s] -- Configured cppcheck exclude dirs and/or files: 
[3.475s] -- Added test 'flake8' to check Python code syntax and style conventions
[3.483s] -- Added test 'lint_cmake' to check CMake code style
[3.487s] -- Added test 'pep257' to check Python code against some of the style conventions in PEP 257
[3.519s] -- Added test 'uncrustify' to check C / C++ code style
[3.519s] -- Configured uncrustify additional arguments: 
[3.524s] -- Added test 'xmllint' to check XML markup files
[3.531s] -- Configuring done
[3.556s] CMake Warning at CMakeLists.txt:47 (add_executable):
[3.556s]   Cannot generate a safe runtime search path for target listener because
[3.556s]   there is a cycle in the constraint graph:
[3.556s] 
[3.556s]     dir 0 is [/home/fabrizzio/ros2_ws/install/cpp_pubsub/lib]
[3.556s]       dir 2 must precede it due to runtime library [libcpp_pubsub__rosidl_typesupport_cpp.so]
[3.556s]     dir 1 is [/opt/ros/galactic/lib]
[3.556s]     dir 2 is [/home/fabrizzio/ros2_ws/src/cpp_pubsub/build/cpp_pubsub]
[3.556s]       dir 0 must precede it due to runtime library [libcpp_pubsub__rosidl_typesupport_introspection_c.so]
[3.556s]     dir 3 is [/opt/ros/galactic/lib/x86_64-linux-gnu]
[3.556s] 
[3.556s]   Some of these libraries may not be found correctly.
[3.556s] 
[3.556s] 
[3.613s] -- Generating done
[3.619s] -- Build files have been written to: /home/fabrizzio/ros2_ws/src/cpp_pubsub/build/cpp_pubsub
[3.632s] Invoked command in '/home/fabrizzio/ros2_ws/src/cpp_pubsub/build/cpp_pubsub' returned '0': CMAKE_PREFIX_PATH=/home/fabrizzio/ros2_ws/install/walker_808x:/home/fabrizzio/ros2_ws/install/gazebo_ros_pkgs:/home/fabrizzio/ros2_ws/install/gazebo_ros:/home/fabrizzio/ros2_ws/install/gazebo_msgs:/home/fabrizzio/ros2_ws/install/gazebo_dev:/home/fabrizzio/ros2_ws/install/cpp_pubsub:/opt/ros/galactic:/home/fabrizzio/catkin_ws/devel /usr/bin/cmake /home/fabrizzio/ros2_ws/src/cpp_pubsub -DCMAKE_INSTALL_PREFIX=/home/fabrizzio/ros2_ws/src/cpp_pubsub/install/cpp_pubsub
[3.637s] Invoking command in '/home/fabrizzio/ros2_ws/src/cpp_pubsub/build/cpp_pubsub': CMAKE_PREFIX_PATH=/home/fabrizzio/ros2_ws/install/walker_808x:/home/fabrizzio/ros2_ws/install/gazebo_ros_pkgs:/home/fabrizzio/ros2_ws/install/gazebo_ros:/home/fabrizzio/ros2_ws/install/gazebo_msgs:/home/fabrizzio/ros2_ws/install/gazebo_dev:/home/fabrizzio/ros2_ws/install/cpp_pubsub:/opt/ros/galactic:/home/fabrizzio/catkin_ws/devel /usr/bin/cmake --build /home/fabrizzio/ros2_ws/src/cpp_pubsub/build/cpp_pubsub -- -j8 -l8
[3.694s] [35m[1mScanning dependencies of target cpp_pubsub__cpp[0m
[3.694s] [  2%] [34m[1mGenerating C code for ROS interfaces[0m
[3.708s] [  4%] [34m[1mGenerating C++ code for ROS interfaces[0m
[4.043s] [35m[1mScanning dependencies of target cpp_pubsub__rosidl_generator_c[0m
[4.067s] [  4%] Built target cpp_pubsub__cpp
[4.070s] [  6%] [32mBuilding C object CMakeFiles/cpp_pubsub__rosidl_generator_c.dir/rosidl_generator_c/cpp_pubsub/srv/detail/speak__functions.c.o[0m
[4.071s] [  8%] [32mBuilding C object CMakeFiles/cpp_pubsub__rosidl_generator_c.dir/rosidl_generator_c/cpp_pubsub/msg/detail/message__functions.c.o[0m
[4.081s] [ 10%] [34m[1mGenerating C++ type support dispatch for ROS interfaces[0m
[4.082s] [ 12%] [34m[1mGenerating C++ introspection for ROS interfaces[0m
[4.085s] [ 14%] [34m[1mGenerating C++ type support for eProsima Fast-RTPS[0m
[4.159s] [ 17%] [32m[1mLinking C shared library libcpp_pubsub__rosidl_generator_c.so[0m
[4.205s] [ 17%] Built target cpp_pubsub__rosidl_generator_c
[4.220s] [ 19%] [34m[1mGenerating C introspection for ROS interfaces[0m
[4.222s] [ 21%] [34m[1mGenerating C type support dispatch for ROS interfaces[0m
[4.392s] [35m[1mScanning dependencies of target cpp_pubsub__rosidl_typesupport_introspection_cpp[0m
[4.399s] [35m[1mScanning dependencies of target cpp_pubsub__rosidl_typesupport_cpp[0m
[4.414s] [ 23%] [32mBuilding CXX object CMakeFiles/cpp_pubsub__rosidl_typesupport_introspection_cpp.dir/rosidl_typesupport_introspection_cpp/cpp_pubsub/srv/detail/speak__type_support.cpp.o[0m
[4.415s] [ 25%] [32mBuilding CXX object CMakeFiles/cpp_pubsub__rosidl_typesupport_introspection_cpp.dir/rosidl_typesupport_introspection_cpp/cpp_pubsub/msg/detail/message__type_support.cpp.o[0m
[4.421s] [ 29%] [32mBuilding CXX object CMakeFiles/cpp_pubsub__rosidl_typesupport_cpp.dir/rosidl_typesupport_cpp/cpp_pubsub/srv/speak__type_support.cpp.o[0m
[4.421s] [ 29%] [32mBuilding CXX object CMakeFiles/cpp_pubsub__rosidl_typesupport_cpp.dir/rosidl_typesupport_cpp/cpp_pubsub/msg/message__type_support.cpp.o[0m
[4.501s] [35m[1mScanning dependencies of target cpp_pubsub__rosidl_typesupport_fastrtps_cpp[0m
[4.550s] [ 31%] [32mBuilding CXX object CMakeFiles/cpp_pubsub__rosidl_typesupport_fastrtps_cpp.dir/rosidl_typesupport_fastrtps_cpp/cpp_pubsub/msg/detail/dds_fastrtps/message__type_support.cpp.o[0m
[4.566s] [ 34%] [32mBuilding CXX object CMakeFiles/cpp_pubsub__rosidl_typesupport_fastrtps_cpp.dir/rosidl_typesupport_fastrtps_cpp/cpp_pubsub/srv/detail/dds_fastrtps/speak__type_support.cpp.o[0m
[4.665s] [35m[1mScanning dependencies of target cpp_pubsub__rosidl_typesupport_c[0m
[4.692s] [ 36%] [32mBuilding CXX object CMakeFiles/cpp_pubsub__rosidl_typesupport_c.dir/rosidl_typesupport_c/cpp_pubsub/srv/speak__type_support.cpp.o[0m
[4.761s] [ 38%] [32mBuilding CXX object CMakeFiles/cpp_pubsub__rosidl_typesupport_c.dir/rosidl_typesupport_c/cpp_pubsub/msg/message__type_support.cpp.o[0m
[4.789s] [35m[1mScanning dependencies of target cpp_pubsub__rosidl_typesupport_introspection_c[0m
[4.822s] [ 40%] [32m[1mLinking CXX shared library libcpp_pubsub__rosidl_typesupport_c.so[0m
[4.845s] [ 42%] [32mBuilding C object CMakeFiles/cpp_pubsub__rosidl_typesupport_introspection_c.dir/rosidl_typesupport_introspection_c/cpp_pubsub/srv/detail/speak__type_support.c.o[0m
[4.917s] [ 42%] Built target cpp_pubsub__rosidl_typesupport_c
[4.920s] [ 44%] [32mBuilding C object CMakeFiles/cpp_pubsub__rosidl_typesupport_introspection_c.dir/rosidl_typesupport_introspection_c/cpp_pubsub/msg/detail/message__type_support.c.o[0m
[4.978s] [ 46%] [32m[1mLinking CXX shared library libcpp_pubsub__rosidl_typesupport_cpp.so[0m
[4.988s] [ 48%] [32m[1mLinking CXX shared library libcpp_pubsub__rosidl_typesupport_introspection_cpp.so[0m
[4.992s] [ 51%] [32m[1mLinking C shared library libcpp_pubsub__rosidl_typesupport_introspection_c.so[0m
[5.041s] [ 51%] Built target cpp_pubsub__rosidl_typesupport_cpp
[5.057s] [ 51%] Built target cpp_pubsub__rosidl_typesupport_introspection_c
[5.099s] [ 51%] Built target cpp_pubsub__rosidl_typesupport_introspection_cpp
[5.252s] [ 53%] [32m[1mLinking CXX shared library libcpp_pubsub__rosidl_typesupport_fastrtps_cpp.so[0m
[5.364s] [ 53%] Built target cpp_pubsub__rosidl_typesupport_fastrtps_cpp
[5.379s] [ 55%] [34m[1mGenerating C type support for eProsima Fast-RTPS[0m
[5.673s] [35m[1mScanning dependencies of target cpp_pubsub__rosidl_typesupport_fastrtps_c[0m
[5.697s] [ 59%] [32mBuilding CXX object CMakeFiles/cpp_pubsub__rosidl_typesupport_fastrtps_c.dir/rosidl_typesupport_fastrtps_c/cpp_pubsub/srv/detail/speak__type_support_c.cpp.o[0m
[5.697s] [ 59%] [32mBuilding CXX object CMakeFiles/cpp_pubsub__rosidl_typesupport_fastrtps_c.dir/rosidl_typesupport_fastrtps_c/cpp_pubsub/msg/detail/message__type_support_c.cpp.o[0m
[6.095s] [ 61%] [32m[1mLinking CXX shared library libcpp_pubsub__rosidl_typesupport_fastrtps_c.so[0m
[6.207s] [ 61%] Built target cpp_pubsub__rosidl_typesupport_fastrtps_c
[6.220s] [35m[1mScanning dependencies of target cpp_pubsub[0m
[6.236s] [ 61%] Built target cpp_pubsub
[6.252s] [35m[1mScanning dependencies of target cpp_pubsub__py[0m
[6.252s] [35m[1mScanning dependencies of target client[0m
[6.253s] [35m[1mScanning dependencies of target talker[0m
[6.256s] [35m[1mScanning dependencies of target server[0m
[6.257s] [35m[1mScanning dependencies of target listener[0m
[6.268s] [ 63%] [34m[1mGenerating Python code for ROS interfaces[0m
[6.308s] [ 65%] [32mBuilding CXX object CMakeFiles/client.dir/src/client_response.cpp.o[0m
[6.317s] [ 68%] [32mBuilding CXX object CMakeFiles/talker.dir/src/publisher_member_function.cpp.o[0m
[6.330s] [ 70%] [32mBuilding CXX object CMakeFiles/server.dir/src/server_speaker.cpp.o[0m
[6.334s] [ 72%] [32mBuilding CXX object CMakeFiles/listener.dir/src/subscriber_member_function.cpp.o[0m
[7.199s] [ 72%] Built target cpp_pubsub__py
[7.217s] [35m[1mScanning dependencies of target cpp_pubsub__python[0m
[7.263s] [ 74%] [32mBuilding C object CMakeFiles/cpp_pubsub__python.dir/rosidl_generator_py/cpp_pubsub/srv/_speak_s.c.o[0m
[7.267s] [ 76%] [32mBuilding C object CMakeFiles/cpp_pubsub__python.dir/rosidl_generator_py/cpp_pubsub/msg/_message_s.c.o[0m
[7.481s] [ 78%] [32m[1mLinking C shared library rosidl_generator_py/cpp_pubsub/libcpp_pubsub__python.so[0m
[7.584s] [ 78%] Built target cpp_pubsub__python
[7.608s] [35m[1mScanning dependencies of target cpp_pubsub__rosidl_typesupport_c__pyext[0m
[7.632s] [35m[1mScanning dependencies of target cpp_pubsub__rosidl_typesupport_introspection_c__pyext[0m
[7.663s] [35m[1mScanning dependencies of target cpp_pubsub__rosidl_typesupport_fastrtps_c__pyext[0m
[7.680s] [ 80%] [32mBuilding C object CMakeFiles/cpp_pubsub__rosidl_typesupport_c__pyext.dir/rosidl_generator_py/cpp_pubsub/_cpp_pubsub_s.ep.rosidl_typesupport_c.c.o[0m
[7.703s] [ 82%] [32mBuilding C object CMakeFiles/cpp_pubsub__rosidl_typesupport_introspection_c__pyext.dir/rosidl_generator_py/cpp_pubsub/_cpp_pubsub_s.ep.rosidl_typesupport_introspection_c.c.o[0m
[7.759s] [ 85%] [32mBuilding C object CMakeFiles/cpp_pubsub__rosidl_typesupport_fastrtps_c__pyext.dir/rosidl_generator_py/cpp_pubsub/_cpp_pubsub_s.ep.rosidl_typesupport_fastrtps_c.c.o[0m
[7.905s] [ 87%] [32m[1mLinking C shared library rosidl_generator_py/cpp_pubsub/cpp_pubsub_s__rosidl_typesupport_c.cpython-38-x86_64-linux-gnu.so[0m
[7.933s] [ 89%] [32m[1mLinking C shared library rosidl_generator_py/cpp_pubsub/cpp_pubsub_s__rosidl_typesupport_introspection_c.cpython-38-x86_64-linux-gnu.so[0m
[8.000s] [ 91%] [32m[1mLinking CXX shared library rosidl_generator_py/cpp_pubsub/cpp_pubsub_s__rosidl_typesupport_fastrtps_c.cpython-38-x86_64-linux-gnu.so[0m
[8.004s] [ 91%] Built target cpp_pubsub__rosidl_typesupport_c__pyext
[8.015s] [ 91%] Built target cpp_pubsub__rosidl_typesupport_introspection_c__pyext
[8.143s] [ 91%] Built target cpp_pubsub__rosidl_typesupport_fastrtps_c__pyext
[8.809s] In file included from [01m[K/opt/ros/galactic/include/rclcpp/client.hpp:40[m[K,
[8.809s]                  from [01m[K/opt/ros/galactic/include/rclcpp/callback_group.hpp:23[m[K,
[8.809s]                  from [01m[K/opt/ros/galactic/include/rclcpp/any_executable.hpp:20[m[K,
[8.809s]                  from [01m[K/opt/ros/galactic/include/rclcpp/memory_strategy.hpp:25[m[K,
[8.809s]                  from [01m[K/opt/ros/galactic/include/rclcpp/memory_strategies.hpp:18[m[K,
[8.809s]                  from [01m[K/opt/ros/galactic/include/rclcpp/executor_options.hpp:20[m[K,
[8.810s]                  from [01m[K/opt/ros/galactic/include/rclcpp/executor.hpp:36[m[K,
[8.810s]                  from [01m[K/opt/ros/galactic/include/rclcpp/executors/multi_threaded_executor.hpp:26[m[K,
[8.810s]                  from [01m[K/opt/ros/galactic/include/rclcpp/executors.hpp:21[m[K,
[8.810s]                  from [01m[K/opt/ros/galactic/include/rclcpp/rclcpp.hpp:156[m[K,
[8.810s]                  from [01m[K/home/fabrizzio/ros2_ws/src/cpp_pubsub/src/server_speaker.cpp:27[m[K:
[8.810s] [01m[K/home/fabrizzio/ros2_ws/src/cpp_pubsub/src/server_speaker.cpp:[m[K In function ‘[01m[Kvoid speak(std::shared_ptr<cpp_pubsub::srv::Speak_Request_<std::allocator<void> > >, std::shared_ptr<cpp_pubsub::srv::Speak_Response_<std::allocator<void> > >)[m[K’:
[8.810s] [01m[K/home/fabrizzio/ros2_ws/src/cpp_pubsub/src/server_speaker.cpp:44:5:[m[K [01;35m[Kwarning: [m[Ktoo many arguments for format [[01;35m[K-Wformat-extra-args[m[K]
[8.811s]    44 |     [01;35m[K"Request received by speak server"[m[K,
[8.811s]       |     [01;35m[K^~~~~~~~~~~~~~~~~~~~~~~~~~~~~~~~~~[m[K
[9.422s] [01m[K/home/fabrizzio/ros2_ws/src/cpp_pubsub/src/publisher_member_function.cpp:[m[K In member function ‘[01m[Kint MinimalPublisher::param_callback(const rclcpp::Parameter&)[m[K’:
[9.423s] [01m[K/home/fabrizzio/ros2_ws/src/cpp_pubsub/src/publisher_member_function.cpp:170:48:[m[K [01;35m[Kwarning: [m[Kunused parameter ‘[01m[Kparam[m[K’ [[01;35m[K-Wunused-parameter[m[K]
[9.423s]   170 |   int param_callback([01;35m[Kconst rclcpp::Parameter & param[m[K)
[9.423s]       |                      [01;35m[K~~~~~~~~~~~~~~~~~~~~~~~~~~^~~~~[m[K
[10.273s] [ 93%] [32m[1mLinking CXX executable server[0m
[10.561s] [ 93%] Built target server
[10.945s] [ 95%] [32m[1mLinking CXX executable client[0m
[11.245s] [ 95%] Built target client
[15.972s] [ 97%] [32m[1mLinking CXX executable listener[0m
[16.489s] [ 97%] Built target listener
[18.035s] [100%] [32m[1mLinking CXX executable talker[0m
[18.750s] [100%] Built target talker
[18.782s] Invoked command in '/home/fabrizzio/ros2_ws/src/cpp_pubsub/build/cpp_pubsub' returned '0': CMAKE_PREFIX_PATH=/home/fabrizzio/ros2_ws/install/walker_808x:/home/fabrizzio/ros2_ws/install/gazebo_ros_pkgs:/home/fabrizzio/ros2_ws/install/gazebo_ros:/home/fabrizzio/ros2_ws/install/gazebo_msgs:/home/fabrizzio/ros2_ws/install/gazebo_dev:/home/fabrizzio/ros2_ws/install/cpp_pubsub:/opt/ros/galactic:/home/fabrizzio/catkin_ws/devel /usr/bin/cmake --build /home/fabrizzio/ros2_ws/src/cpp_pubsub/build/cpp_pubsub -- -j8 -l8
[18.917s] Invoking command in '/home/fabrizzio/ros2_ws/src/cpp_pubsub/build/cpp_pubsub': CMAKE_PREFIX_PATH=/home/fabrizzio/ros2_ws/install/walker_808x:/home/fabrizzio/ros2_ws/install/gazebo_ros_pkgs:/home/fabrizzio/ros2_ws/install/gazebo_ros:/home/fabrizzio/ros2_ws/install/gazebo_msgs:/home/fabrizzio/ros2_ws/install/gazebo_dev:/home/fabrizzio/ros2_ws/install/cpp_pubsub:/opt/ros/galactic:/home/fabrizzio/catkin_ws/devel /usr/bin/cmake --install /home/fabrizzio/ros2_ws/src/cpp_pubsub/build/cpp_pubsub
[18.930s] -- Install configuration: ""
[18.930s] -- Installing: /home/fabrizzio/ros2_ws/src/cpp_pubsub/install/cpp_pubsub/share/ament_index/resource_index/rosidl_interfaces/cpp_pubsub
[18.930s] -- Installing: /home/fabrizzio/ros2_ws/src/cpp_pubsub/install/cpp_pubsub/include/cpp_pubsub
[18.930s] -- Installing: /home/fabrizzio/ros2_ws/src/cpp_pubsub/install/cpp_pubsub/include/cpp_pubsub/msg
[18.930s] -- Installing: /home/fabrizzio/ros2_ws/src/cpp_pubsub/install/cpp_pubsub/include/cpp_pubsub/msg/detail
[18.930s] -- Installing: /home/fabrizzio/ros2_ws/src/cpp_pubsub/install/cpp_pubsub/include/cpp_pubsub/msg/detail/message__type_support.h
[18.931s] -- Installing: /home/fabrizzio/ros2_ws/src/cpp_pubsub/install/cpp_pubsub/include/cpp_pubsub/msg/detail/message__struct.h
[18.931s] -- Installing: /home/fabrizzio/ros2_ws/src/cpp_pubsub/install/cpp_pubsub/include/cpp_pubsub/msg/detail/message__functions.c
[18.931s] -- Installing: /home/fabrizzio/ros2_ws/src/cpp_pubsub/install/cpp_pubsub/include/cpp_pubsub/msg/detail/message__functions.h
[18.931s] -- Installing: /home/fabrizzio/ros2_ws/src/cpp_pubsub/install/cpp_pubsub/include/cpp_pubsub/msg/rosidl_generator_c__visibility_control.h
[18.931s] -- Installing: /home/fabrizzio/ros2_ws/src/cpp_pubsub/install/cpp_pubsub/include/cpp_pubsub/msg/message.h
[18.931s] -- Installing: /home/fabrizzio/ros2_ws/src/cpp_pubsub/install/cpp_pubsub/include/cpp_pubsub/srv
[18.931s] -- Installing: /home/fabrizzio/ros2_ws/src/cpp_pubsub/install/cpp_pubsub/include/cpp_pubsub/srv/speak.h
[18.931s] -- Installing: /home/fabrizzio/ros2_ws/src/cpp_pubsub/install/cpp_pubsub/include/cpp_pubsub/srv/detail
[18.931s] -- Installing: /home/fabrizzio/ros2_ws/src/cpp_pubsub/install/cpp_pubsub/include/cpp_pubsub/srv/detail/speak__functions.c
[18.932s] -- Installing: /home/fabrizzio/ros2_ws/src/cpp_pubsub/install/cpp_pubsub/include/cpp_pubsub/srv/detail/speak__functions.h
[18.932s] -- Installing: /home/fabrizzio/ros2_ws/src/cpp_pubsub/install/cpp_pubsub/include/cpp_pubsub/srv/detail/speak__struct.h
[18.932s] -- Installing: /home/fabrizzio/ros2_ws/src/cpp_pubsub/install/cpp_pubsub/include/cpp_pubsub/srv/detail/speak__type_support.h
[18.932s] -- Installing: /home/fabrizzio/ros2_ws/src/cpp_pubsub/install/cpp_pubsub/share/cpp_pubsub/environment/library_path.sh
[18.932s] -- Installing: /home/fabrizzio/ros2_ws/src/cpp_pubsub/install/cpp_pubsub/share/cpp_pubsub/environment/library_path.dsv
[18.933s] -- Installing: /home/fabrizzio/ros2_ws/src/cpp_pubsub/install/cpp_pubsub/lib/libcpp_pubsub__rosidl_generator_c.so
[18.933s] -- Set runtime path of "/home/fabrizzio/ros2_ws/src/cpp_pubsub/install/cpp_pubsub/lib/libcpp_pubsub__rosidl_generator_c.so" to ""
[18.934s] -- Up-to-date: /home/fabrizzio/ros2_ws/src/cpp_pubsub/install/cpp_pubsub/include/cpp_pubsub
[18.934s] -- Up-to-date: /home/fabrizzio/ros2_ws/src/cpp_pubsub/install/cpp_pubsub/include/cpp_pubsub/msg
[18.934s] -- Up-to-date: /home/fabrizzio/ros2_ws/src/cpp_pubsub/install/cpp_pubsub/include/cpp_pubsub/msg/detail
[18.934s] -- Installing: /home/fabrizzio/ros2_ws/src/cpp_pubsub/install/cpp_pubsub/include/cpp_pubsub/msg/detail/message__rosidl_typesupport_fastrtps_c.h
[18.934s] -- Installing: /home/fabrizzio/ros2_ws/src/cpp_pubsub/install/cpp_pubsub/include/cpp_pubsub/msg/rosidl_typesupport_fastrtps_c__visibility_control.h
[18.934s] -- Up-to-date: /home/fabrizzio/ros2_ws/src/cpp_pubsub/install/cpp_pubsub/include/cpp_pubsub/srv
[18.935s] -- Up-to-date: /home/fabrizzio/ros2_ws/src/cpp_pubsub/install/cpp_pubsub/include/cpp_pubsub/srv/detail
[18.935s] -- Installing: /home/fabrizzio/ros2_ws/src/cpp_pubsub/install/cpp_pubsub/include/cpp_pubsub/srv/detail/speak__rosidl_typesupport_fastrtps_c.h
[18.935s] -- Installing: /home/fabrizzio/ros2_ws/src/cpp_pubsub/install/cpp_pubsub/lib/libcpp_pubsub__rosidl_typesupport_fastrtps_c.so
[18.935s] -- Set runtime path of "/home/fabrizzio/ros2_ws/src/cpp_pubsub/install/cpp_pubsub/lib/libcpp_pubsub__rosidl_typesupport_fastrtps_c.so" to ""
[18.935s] -- Up-to-date: /home/fabrizzio/ros2_ws/src/cpp_pubsub/install/cpp_pubsub/include/cpp_pubsub
[18.935s] -- Up-to-date: /home/fabrizzio/ros2_ws/src/cpp_pubsub/install/cpp_pubsub/include/cpp_pubsub/msg
[18.936s] -- Up-to-date: /home/fabrizzio/ros2_ws/src/cpp_pubsub/install/cpp_pubsub/include/cpp_pubsub/msg/detail
[18.936s] -- Installing: /home/fabrizzio/ros2_ws/src/cpp_pubsub/install/cpp_pubsub/include/cpp_pubsub/msg/detail/message__rosidl_typesupport_fastrtps_cpp.hpp
[18.936s] -- Installing: /home/fabrizzio/ros2_ws/src/cpp_pubsub/install/cpp_pubsub/include/cpp_pubsub/msg/detail/dds_fastrtps
[18.936s] -- Installing: /home/fabrizzio/ros2_ws/src/cpp_pubsub/install/cpp_pubsub/include/cpp_pubsub/msg/rosidl_typesupport_fastrtps_cpp__visibility_control.h
[18.936s] -- Up-to-date: /home/fabrizzio/ros2_ws/src/cpp_pubsub/install/cpp_pubsub/include/cpp_pubsub/srv
[18.936s] -- Up-to-date: /home/fabrizzio/ros2_ws/src/cpp_pubsub/install/cpp_pubsub/include/cpp_pubsub/srv/detail
[18.936s] -- Installing: /home/fabrizzio/ros2_ws/src/cpp_pubsub/install/cpp_pubsub/include/cpp_pubsub/srv/detail/speak__rosidl_typesupport_fastrtps_cpp.hpp
[18.937s] -- Installing: /home/fabrizzio/ros2_ws/src/cpp_pubsub/install/cpp_pubsub/include/cpp_pubsub/srv/detail/dds_fastrtps
[18.937s] -- Installing: /home/fabrizzio/ros2_ws/src/cpp_pubsub/install/cpp_pubsub/lib/libcpp_pubsub__rosidl_typesupport_fastrtps_cpp.so
[18.937s] -- Set runtime path of "/home/fabrizzio/ros2_ws/src/cpp_pubsub/install/cpp_pubsub/lib/libcpp_pubsub__rosidl_typesupport_fastrtps_cpp.so" to ""
[18.937s] -- Up-to-date: /home/fabrizzio/ros2_ws/src/cpp_pubsub/install/cpp_pubsub/include/cpp_pubsub
[18.938s] -- Up-to-date: /home/fabrizzio/ros2_ws/src/cpp_pubsub/install/cpp_pubsub/include/cpp_pubsub/msg
[18.938s] -- Up-to-date: /home/fabrizzio/ros2_ws/src/cpp_pubsub/install/cpp_pubsub/include/cpp_pubsub/msg/detail
[18.938s] -- Installing: /home/fabrizzio/ros2_ws/src/cpp_pubsub/install/cpp_pubsub/include/cpp_pubsub/msg/detail/message__type_support.c
[18.938s] -- Installing: /home/fabrizzio/ros2_ws/src/cpp_pubsub/install/cpp_pubsub/include/cpp_pubsub/msg/detail/message__rosidl_typesupport_introspection_c.h
[18.938s] -- Installing: /home/fabrizzio/ros2_ws/src/cpp_pubsub/install/cpp_pubsub/include/cpp_pubsub/msg/rosidl_typesupport_introspection_c__visibility_control.h
[18.938s] -- Up-to-date: /home/fabrizzio/ros2_ws/src/cpp_pubsub/install/cpp_pubsub/include/cpp_pubsub/srv
[18.938s] -- Up-to-date: /home/fabrizzio/ros2_ws/src/cpp_pubsub/install/cpp_pubsub/include/cpp_pubsub/srv/detail
[18.939s] -- Installing: /home/fabrizzio/ros2_ws/src/cpp_pubsub/install/cpp_pubsub/include/cpp_pubsub/srv/detail/speak__rosidl_typesupport_introspection_c.h
[18.939s] -- Installing: /home/fabrizzio/ros2_ws/src/cpp_pubsub/install/cpp_pubsub/include/cpp_pubsub/srv/detail/speak__type_support.c
[18.939s] -- Installing: /home/fabrizzio/ros2_ws/src/cpp_pubsub/install/cpp_pubsub/lib/libcpp_pubsub__rosidl_typesupport_introspection_c.so
[18.939s] -- Set runtime path of "/home/fabrizzio/ros2_ws/src/cpp_pubsub/install/cpp_pubsub/lib/libcpp_pubsub__rosidl_typesupport_introspection_c.so" to ""
[18.939s] -- Installing: /home/fabrizzio/ros2_ws/src/cpp_pubsub/install/cpp_pubsub/lib/libcpp_pubsub__rosidl_typesupport_c.so
[18.939s] -- Set runtime path of "/home/fabrizzio/ros2_ws/src/cpp_pubsub/install/cpp_pubsub/lib/libcpp_pubsub__rosidl_typesupport_c.so" to ""
[18.939s] -- Up-to-date: /home/fabrizzio/ros2_ws/src/cpp_pubsub/install/cpp_pubsub/include/cpp_pubsub
[18.940s] -- Up-to-date: /home/fabrizzio/ros2_ws/src/cpp_pubsub/install/cpp_pubsub/include/cpp_pubsub/msg
[18.940s] -- Up-to-date: /home/fabrizzio/ros2_ws/src/cpp_pubsub/install/cpp_pubsub/include/cpp_pubsub/msg/detail
[18.940s] -- Installing: /home/fabrizzio/ros2_ws/src/cpp_pubsub/install/cpp_pubsub/include/cpp_pubsub/msg/detail/message__struct.hpp
[18.940s] -- Installing: /home/fabrizzio/ros2_ws/src/cpp_pubsub/install/cpp_pubsub/include/cpp_pubsub/msg/detail/message__builder.hpp
[18.940s] -- Installing: /home/fabrizzio/ros2_ws/src/cpp_pubsub/install/cpp_pubsub/include/cpp_pubsub/msg/detail/message__traits.hpp
[18.940s] -- Installing: /home/fabrizzio/ros2_ws/src/cpp_pubsub/install/cpp_pubsub/include/cpp_pubsub/msg/message.hpp
[18.941s] -- Up-to-date: /home/fabrizzio/ros2_ws/src/cpp_pubsub/install/cpp_pubsub/include/cpp_pubsub/srv
[18.941s] -- Up-to-date: /home/fabrizzio/ros2_ws/src/cpp_pubsub/install/cpp_pubsub/include/cpp_pubsub/srv/detail
[18.941s] -- Installing: /home/fabrizzio/ros2_ws/src/cpp_pubsub/install/cpp_pubsub/include/cpp_pubsub/srv/detail/speak__struct.hpp
[18.941s] -- Installing: /home/fabrizzio/ros2_ws/src/cpp_pubsub/install/cpp_pubsub/include/cpp_pubsub/srv/detail/speak__builder.hpp
[18.941s] -- Installing: /home/fabrizzio/ros2_ws/src/cpp_pubsub/install/cpp_pubsub/include/cpp_pubsub/srv/detail/speak__traits.hpp
[18.941s] -- Installing: /home/fabrizzio/ros2_ws/src/cpp_pubsub/install/cpp_pubsub/include/cpp_pubsub/srv/speak.hpp
[18.942s] -- Up-to-date: /home/fabrizzio/ros2_ws/src/cpp_pubsub/install/cpp_pubsub/include/cpp_pubsub
[18.942s] -- Up-to-date: /home/fabrizzio/ros2_ws/src/cpp_pubsub/install/cpp_pubsub/include/cpp_pubsub/msg
[18.942s] -- Up-to-date: /home/fabrizzio/ros2_ws/src/cpp_pubsub/install/cpp_pubsub/include/cpp_pubsub/msg/detail
[18.942s] -- Installing: /home/fabrizzio/ros2_ws/src/cpp_pubsub/install/cpp_pubsub/include/cpp_pubsub/msg/detail/message__rosidl_typesupport_introspection_cpp.hpp
[18.942s] -- Installing: /home/fabrizzio/ros2_ws/src/cpp_pubsub/install/cpp_pubsub/include/cpp_pubsub/msg/detail/message__type_support.cpp
[18.942s] -- Up-to-date: /home/fabrizzio/ros2_ws/src/cpp_pubsub/install/cpp_pubsub/include/cpp_pubsub/srv
[18.942s] -- Up-to-date: /home/fabrizzio/ros2_ws/src/cpp_pubsub/install/cpp_pubsub/include/cpp_pubsub/srv/detail
[18.942s] -- Installing: /home/fabrizzio/ros2_ws/src/cpp_pubsub/install/cpp_pubsub/include/cpp_pubsub/srv/detail/speak__rosidl_typesupport_introspection_cpp.hpp
[18.943s] -- Installing: /home/fabrizzio/ros2_ws/src/cpp_pubsub/install/cpp_pubsub/include/cpp_pubsub/srv/detail/speak__type_support.cpp
[18.943s] -- Installing: /home/fabrizzio/ros2_ws/src/cpp_pubsub/install/cpp_pubsub/lib/libcpp_pubsub__rosidl_typesupport_introspection_cpp.so
[18.943s] -- Set runtime path of "/home/fabrizzio/ros2_ws/src/cpp_pubsub/install/cpp_pubsub/lib/libcpp_pubsub__rosidl_typesupport_introspection_cpp.so" to ""
[18.943s] -- Installing: /home/fabrizzio/ros2_ws/src/cpp_pubsub/install/cpp_pubsub/lib/libcpp_pubsub__rosidl_typesupport_cpp.so
[18.943s] -- Set runtime path of "/home/fabrizzio/ros2_ws/src/cpp_pubsub/install/cpp_pubsub/lib/libcpp_pubsub__rosidl_typesupport_cpp.so" to ""
[18.943s] -- Installing: /home/fabrizzio/ros2_ws/src/cpp_pubsub/install/cpp_pubsub/share/cpp_pubsub/environment/pythonpath.sh
[18.943s] -- Installing: /home/fabrizzio/ros2_ws/src/cpp_pubsub/install/cpp_pubsub/share/cpp_pubsub/environment/pythonpath.dsv
[18.943s] -- Installing: /home/fabrizzio/ros2_ws/src/cpp_pubsub/install/cpp_pubsub/lib/python3.8/site-packages/cpp_pubsub/__init__.py
[18.988s] Compiling '/home/fabrizzio/ros2_ws/src/cpp_pubsub/install/cpp_pubsub/lib/python3.8/site-packages/cpp_pubsub/__init__.py'...
[18.992s] -- Installing: /home/fabrizzio/ros2_ws/src/cpp_pubsub/install/cpp_pubsub/lib/python3.8/site-packages/cpp_pubsub/srv
[18.992s] -- Installing: /home/fabrizzio/ros2_ws/src/cpp_pubsub/install/cpp_pubsub/lib/python3.8/site-packages/cpp_pubsub/srv/_speak.py
[18.992s] -- Installing: /home/fabrizzio/ros2_ws/src/cpp_pubsub/install/cpp_pubsub/lib/python3.8/site-packages/cpp_pubsub/srv/_speak_s.c
[18.993s] -- Installing: /home/fabrizzio/ros2_ws/src/cpp_pubsub/install/cpp_pubsub/lib/python3.8/site-packages/cpp_pubsub/srv/__init__.py
[18.993s] -- Installing: /home/fabrizzio/ros2_ws/src/cpp_pubsub/install/cpp_pubsub/lib/python3.8/site-packages/cpp_pubsub/msg
[18.993s] -- Installing: /home/fabrizzio/ros2_ws/src/cpp_pubsub/install/cpp_pubsub/lib/python3.8/site-packages/cpp_pubsub/msg/_message_s.c
[18.993s] -- Installing: /home/fabrizzio/ros2_ws/src/cpp_pubsub/install/cpp_pubsub/lib/python3.8/site-packages/cpp_pubsub/msg/__init__.py
[18.993s] -- Installing: /home/fabrizzio/ros2_ws/src/cpp_pubsub/install/cpp_pubsub/lib/python3.8/site-packages/cpp_pubsub/msg/_message.py
[18.993s] -- Installing: /home/fabrizzio/ros2_ws/src/cpp_pubsub/install/cpp_pubsub/lib/python3.8/site-packages/cpp_pubsub/cpp_pubsub_s__rosidl_typesupport_fastrtps_c.cpython-38-x86_64-linux-gnu.so
[18.994s] -- Set runtime path of "/home/fabrizzio/ros2_ws/src/cpp_pubsub/install/cpp_pubsub/lib/python3.8/site-packages/cpp_pubsub/cpp_pubsub_s__rosidl_typesupport_fastrtps_c.cpython-38-x86_64-linux-gnu.so" to ""
[18.994s] -- Installing: /home/fabrizzio/ros2_ws/src/cpp_pubsub/install/cpp_pubsub/lib/python3.8/site-packages/cpp_pubsub/cpp_pubsub_s__rosidl_typesupport_introspection_c.cpython-38-x86_64-linux-gnu.so
[18.995s] -- Set runtime path of "/home/fabrizzio/ros2_ws/src/cpp_pubsub/install/cpp_pubsub/lib/python3.8/site-packages/cpp_pubsub/cpp_pubsub_s__rosidl_typesupport_introspection_c.cpython-38-x86_64-linux-gnu.so" to ""
[18.995s] -- Installing: /home/fabrizzio/ros2_ws/src/cpp_pubsub/install/cpp_pubsub/lib/python3.8/site-packages/cpp_pubsub/cpp_pubsub_s__rosidl_typesupport_c.cpython-38-x86_64-linux-gnu.so
[18.996s] -- Set runtime path of "/home/fabrizzio/ros2_ws/src/cpp_pubsub/install/cpp_pubsub/lib/python3.8/site-packages/cpp_pubsub/cpp_pubsub_s__rosidl_typesupport_c.cpython-38-x86_64-linux-gnu.so" to ""
[18.996s] -- Installing: /home/fabrizzio/ros2_ws/src/cpp_pubsub/install/cpp_pubsub/lib/libcpp_pubsub__python.so
[18.996s] -- Set runtime path of "/home/fabrizzio/ros2_ws/src/cpp_pubsub/install/cpp_pubsub/lib/libcpp_pubsub__python.so" to ""
[18.996s] -- Installing: /home/fabrizzio/ros2_ws/src/cpp_pubsub/install/cpp_pubsub/share/cpp_pubsub/srv/Speak.idl
[18.997s] -- Installing: /home/fabrizzio/ros2_ws/src/cpp_pubsub/install/cpp_pubsub/share/cpp_pubsub/msg/Message.idl
[18.997s] -- Installing: /home/fabrizzio/ros2_ws/src/cpp_pubsub/install/cpp_pubsub/share/cpp_pubsub/srv/Speak.srv
[18.997s] -- Installing: /home/fabrizzio/ros2_ws/src/cpp_pubsub/install/cpp_pubsub/share/cpp_pubsub/srv/Speak_Request.msg
[18.997s] -- Installing: /home/fabrizzio/ros2_ws/src/cpp_pubsub/install/cpp_pubsub/share/cpp_pubsub/srv/Speak_Response.msg
[18.997s] -- Installing: /home/fabrizzio/ros2_ws/src/cpp_pubsub/install/cpp_pubsub/share/cpp_pubsub/msg/Message.msg
[18.998s] -- Installing: /home/fabrizzio/ros2_ws/src/cpp_pubsub/install/cpp_pubsub/lib/cpp_pubsub/talker
[19.002s] -- Set runtime path of "/home/fabrizzio/ros2_ws/src/cpp_pubsub/install/cpp_pubsub/lib/cpp_pubsub/talker" to ""
[19.002s] -- Installing: /home/fabrizzio/ros2_ws/src/cpp_pubsub/install/cpp_pubsub/lib/cpp_pubsub/listener
[19.006s] -- Set runtime path of "/home/fabrizzio/ros2_ws/src/cpp_pubsub/install/cpp_pubsub/lib/cpp_pubsub/listener" to ""
[19.006s] -- Installing: /home/fabrizzio/ros2_ws/src/cpp_pubsub/install/cpp_pubsub/lib/cpp_pubsub/server
[19.007s] -- Set runtime path of "/home/fabrizzio/ros2_ws/src/cpp_pubsub/install/cpp_pubsub/lib/cpp_pubsub/server" to ""
[19.007s] -- Installing: /home/fabrizzio/ros2_ws/src/cpp_pubsub/install/cpp_pubsub/lib/cpp_pubsub/client
[19.008s] -- Set runtime path of "/home/fabrizzio/ros2_ws/src/cpp_pubsub/install/cpp_pubsub/lib/cpp_pubsub/client" to ""
[19.008s] -- Installing: /home/fabrizzio/ros2_ws/src/cpp_pubsub/install/cpp_pubsub/share/cpp_pubsub//launch
[19.008s] -- Installing: /home/fabrizzio/ros2_ws/src/cpp_pubsub/install/cpp_pubsub/share/cpp_pubsub//launch/bag_record.py
[19.008s] -- Installing: /home/fabrizzio/ros2_ws/src/cpp_pubsub/install/cpp_pubsub/share/cpp_pubsub//launch/beginner_tutorials.py
[19.009s] -- Installing: /home/fabrizzio/ros2_ws/src/cpp_pubsub/install/cpp_pubsub/share/ament_index/resource_index/package_run_dependencies/cpp_pubsub
[19.009s] -- Installing: /home/fabrizzio/ros2_ws/src/cpp_pubsub/install/cpp_pubsub/share/ament_index/resource_index/parent_prefix_path/cpp_pubsub
[19.009s] -- Installing: /home/fabrizzio/ros2_ws/src/cpp_pubsub/install/cpp_pubsub/share/cpp_pubsub/environment/ament_prefix_path.sh
[19.009s] -- Installing: /home/fabrizzio/ros2_ws/src/cpp_pubsub/install/cpp_pubsub/share/cpp_pubsub/environment/ament_prefix_path.dsv
[19.009s] -- Installing: /home/fabrizzio/ros2_ws/src/cpp_pubsub/install/cpp_pubsub/share/cpp_pubsub/environment/path.sh
[19.009s] -- Installing: /home/fabrizzio/ros2_ws/src/cpp_pubsub/install/cpp_pubsub/share/cpp_pubsub/environment/path.dsv
[19.009s] -- Installing: /home/fabrizzio/ros2_ws/src/cpp_pubsub/install/cpp_pubsub/share/cpp_pubsub/local_setup.bash
[19.010s] -- Installing: /home/fabrizzio/ros2_ws/src/cpp_pubsub/install/cpp_pubsub/share/cpp_pubsub/local_setup.sh
[19.010s] -- Installing: /home/fabrizzio/ros2_ws/src/cpp_pubsub/install/cpp_pubsub/share/cpp_pubsub/local_setup.zsh
[19.010s] -- Installing: /home/fabrizzio/ros2_ws/src/cpp_pubsub/install/cpp_pubsub/share/cpp_pubsub/local_setup.dsv
[19.010s] -- Installing: /home/fabrizzio/ros2_ws/src/cpp_pubsub/install/cpp_pubsub/share/cpp_pubsub/package.dsv
[19.011s] -- Installing: /home/fabrizzio/ros2_ws/src/cpp_pubsub/install/cpp_pubsub/share/ament_index/resource_index/packages/cpp_pubsub
[19.011s] -- Installing: /home/fabrizzio/ros2_ws/src/cpp_pubsub/install/cpp_pubsub/share/cpp_pubsub/cmake/cpp_pubsub__rosidl_generator_cExport.cmake
[19.011s] -- Installing: /home/fabrizzio/ros2_ws/src/cpp_pubsub/install/cpp_pubsub/share/cpp_pubsub/cmake/cpp_pubsub__rosidl_generator_cExport-noconfig.cmake
[19.011s] -- Installing: /home/fabrizzio/ros2_ws/src/cpp_pubsub/install/cpp_pubsub/share/cpp_pubsub/cmake/cpp_pubsub__rosidl_typesupport_introspection_cExport.cmake
[19.011s] -- Installing: /home/fabrizzio/ros2_ws/src/cpp_pubsub/install/cpp_pubsub/share/cpp_pubsub/cmake/cpp_pubsub__rosidl_typesupport_introspection_cExport-noconfig.cmake
[19.012s] -- Installing: /home/fabrizzio/ros2_ws/src/cpp_pubsub/install/cpp_pubsub/share/cpp_pubsub/cmake/cpp_pubsub__rosidl_typesupport_cExport.cmake
[19.012s] -- Installing: /home/fabrizzio/ros2_ws/src/cpp_pubsub/install/cpp_pubsub/share/cpp_pubsub/cmake/cpp_pubsub__rosidl_typesupport_cExport-noconfig.cmake
[19.012s] -- Installing: /home/fabrizzio/ros2_ws/src/cpp_pubsub/install/cpp_pubsub/share/cpp_pubsub/cmake/cpp_pubsub__rosidl_generator_cppExport.cmake
[19.012s] -- Installing: /home/fabrizzio/ros2_ws/src/cpp_pubsub/install/cpp_pubsub/share/cpp_pubsub/cmake/cpp_pubsub__rosidl_typesupport_introspection_cppExport.cmake
[19.013s] -- Installing: /home/fabrizzio/ros2_ws/src/cpp_pubsub/install/cpp_pubsub/share/cpp_pubsub/cmake/cpp_pubsub__rosidl_typesupport_introspection_cppExport-noconfig.cmake
[19.013s] -- Installing: /home/fabrizzio/ros2_ws/src/cpp_pubsub/install/cpp_pubsub/share/cpp_pubsub/cmake/cpp_pubsub__rosidl_typesupport_cppExport.cmake
[19.013s] -- Installing: /home/fabrizzio/ros2_ws/src/cpp_pubsub/install/cpp_pubsub/share/cpp_pubsub/cmake/cpp_pubsub__rosidl_typesupport_cppExport-noconfig.cmake
[19.013s] -- Installing: /home/fabrizzio/ros2_ws/src/cpp_pubsub/install/cpp_pubsub/share/cpp_pubsub/cmake/rosidl_cmake-extras.cmake
[19.014s] -- Installing: /home/fabrizzio/ros2_ws/src/cpp_pubsub/install/cpp_pubsub/share/cpp_pubsub/cmake/ament_cmake_export_dependencies-extras.cmake
[19.014s] -- Installing: /home/fabrizzio/ros2_ws/src/cpp_pubsub/install/cpp_pubsub/share/cpp_pubsub/cmake/ament_cmake_export_libraries-extras.cmake
[19.014s] -- Installing: /home/fabrizzio/ros2_ws/src/cpp_pubsub/install/cpp_pubsub/share/cpp_pubsub/cmake/ament_cmake_export_targets-extras.cmake
[19.014s] -- Installing: /home/fabrizzio/ros2_ws/src/cpp_pubsub/install/cpp_pubsub/share/cpp_pubsub/cmake/ament_cmake_export_include_directories-extras.cmake
[19.014s] -- Installing: /home/fabrizzio/ros2_ws/src/cpp_pubsub/install/cpp_pubsub/share/cpp_pubsub/cmake/rosidl_cmake_export_typesupport_libraries-extras.cmake
[19.015s] -- Installing: /home/fabrizzio/ros2_ws/src/cpp_pubsub/install/cpp_pubsub/share/cpp_pubsub/cmake/rosidl_cmake_export_typesupport_targets-extras.cmake
[19.015s] -- Installing: /home/fabrizzio/ros2_ws/src/cpp_pubsub/install/cpp_pubsub/share/cpp_pubsub/cmake/cpp_pubsubConfig.cmake
[19.015s] -- Installing: /home/fabrizzio/ros2_ws/src/cpp_pubsub/install/cpp_pubsub/share/cpp_pubsub/cmake/cpp_pubsubConfig-version.cmake
[19.015s] -- Installing: /home/fabrizzio/ros2_ws/src/cpp_pubsub/install/cpp_pubsub/share/cpp_pubsub/package.xml
[19.018s] Invoked command in '/home/fabrizzio/ros2_ws/src/cpp_pubsub/build/cpp_pubsub' returned '0': CMAKE_PREFIX_PATH=/home/fabrizzio/ros2_ws/install/walker_808x:/home/fabrizzio/ros2_ws/install/gazebo_ros_pkgs:/home/fabrizzio/ros2_ws/install/gazebo_ros:/home/fabrizzio/ros2_ws/install/gazebo_msgs:/home/fabrizzio/ros2_ws/install/gazebo_dev:/home/fabrizzio/ros2_ws/install/cpp_pubsub:/opt/ros/galactic:/home/fabrizzio/catkin_ws/devel /usr/bin/cmake --install /home/fabrizzio/ros2_ws/src/cpp_pubsub/build/cpp_pubsub
